<?xml version="1.0" encoding="UTF-8"?>
<!-- Generated by org.testng.reporters.JUnitReportReporter -->
<testsuite hostname="IN3TADW08BD3GL3" failures="0" tests="1" name="opencrmTesting.FirstTest" time="16.775" errors="0" timestamp="2024-05-20T23:25:57 IST" skipped="0">
  <testcase classname="opencrmTesting.FirstTest" name="TestLogin" time="16.775"/>
</testsuite> <!-- opencrmTesting.FirstTest -->
