<?xml version="1.0" encoding="UTF-8"?>
<!-- Generated by org.testng.reporters.JUnitReportReporter -->
<testsuite hostname="IN3TADW08BD3GL3" failures="0" tests="1" name="Tests.SampleTest" time="2.729" errors="0" timestamp="2024-02-26T12:36:34 IST" skipped="0">
  <testcase classname="Tests.SampleTest" name="firstTestCase" time="2.729"/>
</testsuite> <!-- Tests.SampleTest -->
